
*** Running vivado
    with args -log vio_file.vds -m64 -mode batch -messageDb vivado.pb -notrace -source vio_file.tcl


****** Vivado v2016.1 (64-bit)
  **** SW Build 1538259 on Fri Apr  8 15:45:27 MDT 2016
  **** IP Build 1537824 on Fri Apr  8 04:28:57 MDT 2016
    ** Copyright 1986-2016 Xilinx, Inc. All Rights Reserved.

source vio_file.tcl -notrace
Command: synth_design -top vio_file -part xc7a100tcsg324-1
Starting synth_design
Attempting to get a license for feature 'Synthesis' and/or device 'xc7a100t'
INFO: [Common 17-349] Got license for feature 'Synthesis' and/or device 'xc7a100t'
INFO: Launching helper process for spawning children vivado processes
INFO: Helper process launched with PID 11832 
---------------------------------------------------------------------------------
Starting RTL Elaboration : Time (s): cpu = 00:00:05 ; elapsed = 00:00:10 . Memory (MB): peak = 304.102 ; gain = 97.137
---------------------------------------------------------------------------------
INFO: [Synth 8-638] synthesizing module 'vio_file' [C:/Users/VLSI/Desktop/N150194/LUT2_obc/LUT2_obc.srcs/sources_1/new/vio_file.v:23]
INFO: [Synth 8-638] synthesizing module 'vm_obc' [C:/Users/VLSI/Desktop/N150194/LUT2_obc/LUT2_obc.srcs/sources_1/new/vm_obc.v:23]
INFO: [Synth 8-256] done synthesizing module 'vm_obc' (1#1) [C:/Users/VLSI/Desktop/N150194/LUT2_obc/LUT2_obc.srcs/sources_1/new/vm_obc.v:23]
INFO: [Synth 8-638] synthesizing module 'vio_0' [C:/Users/VLSI/Desktop/N150194/LUT2_obc/LUT2_obc.runs/synth_1/.Xil/Vivado-9100-DESKTOP-D8OTC32/realtime/vio_0_stub.v:6]
INFO: [Synth 8-256] done synthesizing module 'vio_0' (2#1) [C:/Users/VLSI/Desktop/N150194/LUT2_obc/LUT2_obc.runs/synth_1/.Xil/Vivado-9100-DESKTOP-D8OTC32/realtime/vio_0_stub.v:6]
INFO: [Synth 8-256] done synthesizing module 'vio_file' (3#1) [C:/Users/VLSI/Desktop/N150194/LUT2_obc/LUT2_obc.srcs/sources_1/new/vio_file.v:23]
---------------------------------------------------------------------------------
Finished RTL Elaboration : Time (s): cpu = 00:00:06 ; elapsed = 00:00:10 . Memory (MB): peak = 341.313 ; gain = 134.348
---------------------------------------------------------------------------------

Report Check Netlist: 
+------+------------------+-------+---------+-------+------------------+
|      |Item              |Errors |Warnings |Status |Description       |
+------+------------------+-------+---------+-------+------------------+
|1     |multi_driven_nets |      0|        0|Passed |Multi driven nets |
+------+------------------+-------+---------+-------+------------------+
---------------------------------------------------------------------------------
Finished RTL Optimization Phase 1 : Time (s): cpu = 00:00:06 ; elapsed = 00:00:11 . Memory (MB): peak = 341.313 ; gain = 134.348
---------------------------------------------------------------------------------
WARNING: [Project 1-486] Could not resolve non-primitive black box cell 'vio_0' instantiated as 'vm_obc' [C:/Users/VLSI/Desktop/N150194/LUT2_obc/LUT2_obc.srcs/sources_1/new/vio_file.v:29]
INFO: [Device 21-403] Loading part xc7a100tcsg324-1
INFO: [Project 1-570] Preparing netlist for logic optimization

Processing XDC Constraints
Initializing timing engine
Parsing XDC File [C:/Users/VLSI/Desktop/N150194/LUT2_obc/LUT2_obc.runs/synth_1/.Xil/Vivado-9100-DESKTOP-D8OTC32/dcp/vio_0_in_context.xdc] for cell 'vm_obc'
Finished Parsing XDC File [C:/Users/VLSI/Desktop/N150194/LUT2_obc/LUT2_obc.runs/synth_1/.Xil/Vivado-9100-DESKTOP-D8OTC32/dcp/vio_0_in_context.xdc] for cell 'vm_obc'
Parsing XDC File [C:/Users/VLSI/Desktop/N150194/LUT2_obc/LUT2_obc.srcs/constrs_1/new/lut2_obc.xdc]
Finished Parsing XDC File [C:/Users/VLSI/Desktop/N150194/LUT2_obc/LUT2_obc.srcs/constrs_1/new/lut2_obc.xdc]
INFO: [Project 1-236] Implementation specific constraints were found while reading constraint file [C:/Users/VLSI/Desktop/N150194/LUT2_obc/LUT2_obc.srcs/constrs_1/new/lut2_obc.xdc]. These constraints will be ignored for synthesis but will be used in implementation. Impacted constraints are listed in the file [.Xil/vio_file_propImpl.xdc].
Resolution: To avoid this warning, move constraints listed in [.Xil/vio_file_propImpl.xdc] to another XDC file and exclude this new file from synthesis with the used_in_synthesis property (File Properties dialog in GUI) and re-run elaboration/synthesis.
Completed Processing XDC Constraints

INFO: [Project 1-111] Unisim Transformation Summary:
No Unisim elements were transformed.

Constraint Validation Runtime : Time (s): cpu = 00:00:00 ; elapsed = 00:00:00 . Memory (MB): peak = 642.977 ; gain = 0.000
---------------------------------------------------------------------------------
Finished Constraint Validation : Time (s): cpu = 00:00:13 ; elapsed = 00:00:59 . Memory (MB): peak = 642.977 ; gain = 436.012
---------------------------------------------------------------------------------
---------------------------------------------------------------------------------
Start Loading Part and Timing Information
---------------------------------------------------------------------------------
Loading part: xc7a100tcsg324-1
---------------------------------------------------------------------------------
Finished Loading Part and Timing Information : Time (s): cpu = 00:00:13 ; elapsed = 00:00:59 . Memory (MB): peak = 642.977 ; gain = 436.012
---------------------------------------------------------------------------------
---------------------------------------------------------------------------------
Start Applying 'set_property' XDC Constraints
---------------------------------------------------------------------------------
---------------------------------------------------------------------------------
Finished applying 'set_property' XDC Constraints : Time (s): cpu = 00:00:13 ; elapsed = 00:00:59 . Memory (MB): peak = 642.977 ; gain = 436.012
---------------------------------------------------------------------------------
INFO: [Synth 8-5818] HDL ADVISOR - The operator resource <adder> is shared. To prevent sharing consider applying a KEEP on the output of the operator [C:/Users/VLSI/Desktop/N150194/LUT2_obc/LUT2_obc.srcs/sources_1/new/vm_obc.v:78]
INFO: [Synth 8-5818] HDL ADVISOR - The operator resource <adder> is shared. To prevent sharing consider applying a KEEP on the output of the operator [C:/Users/VLSI/Desktop/N150194/LUT2_obc/LUT2_obc.srcs/sources_1/new/vm_obc.v:106]
INFO: [Synth 8-5818] HDL ADVISOR - The operator resource <adder> is shared. To prevent sharing consider applying a KEEP on the output of the operator [C:/Users/VLSI/Desktop/N150194/LUT2_obc/LUT2_obc.srcs/sources_1/new/vm_obc.v:97]
INFO: [Synth 8-5818] HDL ADVISOR - The operator resource <adder> is shared. To prevent sharing consider applying a KEEP on the output of the operator [C:/Users/VLSI/Desktop/N150194/LUT2_obc/LUT2_obc.srcs/sources_1/new/vm_obc.v:40]
INFO: [Synth 8-5818] HDL ADVISOR - The operator resource <adder> is shared. To prevent sharing consider applying a KEEP on the output of the operator [C:/Users/VLSI/Desktop/N150194/LUT2_obc/LUT2_obc.srcs/sources_1/new/vm_obc.v:69]
INFO: [Synth 8-5818] HDL ADVISOR - The operator resource <adder> is shared. To prevent sharing consider applying a KEEP on the output of the operator [C:/Users/VLSI/Desktop/N150194/LUT2_obc/LUT2_obc.srcs/sources_1/new/vm_obc.v:59]
INFO: [Synth 8-5544] ROM "y1" won't be mapped to Block RAM because address size (3) smaller than threshold (5)
INFO: [Synth 8-5544] ROM "y2" won't be mapped to Block RAM because address size (3) smaller than threshold (5)
---------------------------------------------------------------------------------
Finished RTL Optimization Phase 2 : Time (s): cpu = 00:00:13 ; elapsed = 00:00:59 . Memory (MB): peak = 642.977 ; gain = 436.012
---------------------------------------------------------------------------------

Report RTL Partitions: 
+-+--------------+------------+----------+
| |RTL Partition |Replication |Instances |
+-+--------------+------------+----------+
+-+--------------+------------+----------+
---------------------------------------------------------------------------------
Start RTL Component Statistics 
---------------------------------------------------------------------------------
Detailed RTL Component Info : 
+---Adders : 
	   2 Input     32 Bit       Adders := 11    
	   3 Input     32 Bit       Adders := 5     
	   4 Input     32 Bit       Adders := 6     
	   2 Input      3 Bit       Adders := 2     
+---XORs : 
	   2 Input      1 Bit         XORs := 6     
+---Registers : 
	               32 Bit    Registers := 4     
	                3 Bit    Registers := 2     
	                1 Bit    Registers := 1     
+---Muxes : 
	   2 Input     64 Bit        Muxes := 2     
	   8 Input     32 Bit        Muxes := 4     
	   2 Input     32 Bit        Muxes := 4     
	   2 Input      3 Bit        Muxes := 2     
	   2 Input      1 Bit        Muxes := 4     
---------------------------------------------------------------------------------
Finished RTL Component Statistics 
---------------------------------------------------------------------------------
---------------------------------------------------------------------------------
Start RTL Hierarchical Component Statistics 
---------------------------------------------------------------------------------
Hierarchical RTL Component report 
Module vm_obc 
Detailed RTL Component Info : 
+---Adders : 
	   2 Input     32 Bit       Adders := 11    
	   3 Input     32 Bit       Adders := 5     
	   4 Input     32 Bit       Adders := 6     
	   2 Input      3 Bit       Adders := 2     
+---XORs : 
	   2 Input      1 Bit         XORs := 6     
+---Registers : 
	               32 Bit    Registers := 4     
	                3 Bit    Registers := 2     
	                1 Bit    Registers := 1     
+---Muxes : 
	   2 Input     64 Bit        Muxes := 2     
	   8 Input     32 Bit        Muxes := 4     
	   2 Input     32 Bit        Muxes := 4     
	   2 Input      3 Bit        Muxes := 2     
	   2 Input      1 Bit        Muxes := 4     
---------------------------------------------------------------------------------
Finished RTL Hierarchical Component Statistics
---------------------------------------------------------------------------------
---------------------------------------------------------------------------------
Start Part Resource Summary
---------------------------------------------------------------------------------
Part Resources:
DSPs: 240 (col length:80)
BRAMs: 270 (col length: RAMB18 80 RAMB36 40)
---------------------------------------------------------------------------------
Finished Part Resource Summary
---------------------------------------------------------------------------------
Start Parallel Synthesis Optimization  : Time (s): cpu = 00:00:14 ; elapsed = 00:00:59 . Memory (MB): peak = 642.977 ; gain = 436.012
---------------------------------------------------------------------------------
Start Cross Boundary Optimization
---------------------------------------------------------------------------------
---------------------------------------------------------------------------------
Finished Cross Boundary Optimization : Time (s): cpu = 00:00:14 ; elapsed = 00:00:59 . Memory (MB): peak = 642.977 ; gain = 436.012
---------------------------------------------------------------------------------
Finished Parallel Reinference  : Time (s): cpu = 00:00:14 ; elapsed = 00:00:59 . Memory (MB): peak = 642.977 ; gain = 436.012

Report RTL Partitions: 
+-+--------------+------------+----------+
| |RTL Partition |Replication |Instances |
+-+--------------+------------+----------+
+-+--------------+------------+----------+
---------------------------------------------------------------------------------
Start Area Optimization
---------------------------------------------------------------------------------
INFO: [Synth 8-3886] merging instance 'o1/ACC_shift_reg[30]' (FDRE) to 'o1/ACC_shift_reg[31]'
INFO: [Synth 8-3886] merging instance 'o1/ac2shf_reg[30]' (FDRE) to 'o1/ac2shf_reg[31]'
WARNING: [Synth 8-3332] Sequential element (ac2shf_reg[30]) is unused and will be removed from module vm_obc.
WARNING: [Synth 8-3332] Sequential element (ACC_shift_reg[30]) is unused and will be removed from module vm_obc.
---------------------------------------------------------------------------------
Finished Area Optimization : Time (s): cpu = 00:00:16 ; elapsed = 00:01:02 . Memory (MB): peak = 642.977 ; gain = 436.012
---------------------------------------------------------------------------------
Finished Parallel Area Optimization  : Time (s): cpu = 00:00:16 ; elapsed = 00:01:02 . Memory (MB): peak = 642.977 ; gain = 436.012

Report RTL Partitions: 
+-+--------------+------------+----------+
| |RTL Partition |Replication |Instances |
+-+--------------+------------+----------+
+-+--------------+------------+----------+
---------------------------------------------------------------------------------
Start Timing Optimization
---------------------------------------------------------------------------------
---------------------------------------------------------------------------------
Start Applying XDC Timing Constraints
---------------------------------------------------------------------------------
---------------------------------------------------------------------------------
Finished Applying XDC Timing Constraints : Time (s): cpu = 00:00:24 ; elapsed = 00:01:10 . Memory (MB): peak = 642.977 ; gain = 436.012
---------------------------------------------------------------------------------
---------------------------------------------------------------------------------
Finished Timing Optimization : Time (s): cpu = 00:00:24 ; elapsed = 00:01:10 . Memory (MB): peak = 642.977 ; gain = 436.012
---------------------------------------------------------------------------------

Report RTL Partitions: 
+-+--------------+------------+----------+
| |RTL Partition |Replication |Instances |
+-+--------------+------------+----------+
+-+--------------+------------+----------+
---------------------------------------------------------------------------------
Start Technology Mapping
---------------------------------------------------------------------------------
---------------------------------------------------------------------------------
Finished Technology Mapping : Time (s): cpu = 00:00:24 ; elapsed = 00:01:10 . Memory (MB): peak = 652.602 ; gain = 445.637
---------------------------------------------------------------------------------
Finished Parallel Technology Mapping Optimization  : Time (s): cpu = 00:00:24 ; elapsed = 00:01:10 . Memory (MB): peak = 652.602 ; gain = 445.637

Report RTL Partitions: 
+-+--------------+------------+----------+
| |RTL Partition |Replication |Instances |
+-+--------------+------------+----------+
+-+--------------+------------+----------+
Finished Parallel Synthesis Optimization  : Time (s): cpu = 00:00:24 ; elapsed = 00:01:10 . Memory (MB): peak = 652.602 ; gain = 445.637
---------------------------------------------------------------------------------
Start IO Insertion
---------------------------------------------------------------------------------
---------------------------------------------------------------------------------
Start Flattening Before IO Insertion
---------------------------------------------------------------------------------
---------------------------------------------------------------------------------
Finished Flattening Before IO Insertion
---------------------------------------------------------------------------------
---------------------------------------------------------------------------------
Start Final Netlist Cleanup
---------------------------------------------------------------------------------
---------------------------------------------------------------------------------
Finished Final Netlist Cleanup
---------------------------------------------------------------------------------
---------------------------------------------------------------------------------
Finished IO Insertion : Time (s): cpu = 00:00:25 ; elapsed = 00:01:11 . Memory (MB): peak = 652.602 ; gain = 445.637
---------------------------------------------------------------------------------

Report Check Netlist: 
+------+------------------+-------+---------+-------+------------------+
|      |Item              |Errors |Warnings |Status |Description       |
+------+------------------+-------+---------+-------+------------------+
|1     |multi_driven_nets |      0|        0|Passed |Multi driven nets |
+------+------------------+-------+---------+-------+------------------+
---------------------------------------------------------------------------------
Start Renaming Generated Instances
---------------------------------------------------------------------------------
---------------------------------------------------------------------------------
Finished Renaming Generated Instances : Time (s): cpu = 00:00:25 ; elapsed = 00:01:11 . Memory (MB): peak = 652.602 ; gain = 445.637
---------------------------------------------------------------------------------

Report RTL Partitions: 
+-+--------------+------------+----------+
| |RTL Partition |Replication |Instances |
+-+--------------+------------+----------+
+-+--------------+------------+----------+
---------------------------------------------------------------------------------
Start Rebuilding User Hierarchy
---------------------------------------------------------------------------------
---------------------------------------------------------------------------------
Finished Rebuilding User Hierarchy : Time (s): cpu = 00:00:25 ; elapsed = 00:01:11 . Memory (MB): peak = 652.602 ; gain = 445.637
---------------------------------------------------------------------------------
---------------------------------------------------------------------------------
Start Renaming Generated Ports
---------------------------------------------------------------------------------
---------------------------------------------------------------------------------
Finished Renaming Generated Ports : Time (s): cpu = 00:00:25 ; elapsed = 00:01:11 . Memory (MB): peak = 652.602 ; gain = 445.637
---------------------------------------------------------------------------------
---------------------------------------------------------------------------------
Start Handling Custom Attributes
---------------------------------------------------------------------------------
---------------------------------------------------------------------------------
Finished Handling Custom Attributes : Time (s): cpu = 00:00:25 ; elapsed = 00:01:11 . Memory (MB): peak = 652.602 ; gain = 445.637
---------------------------------------------------------------------------------
---------------------------------------------------------------------------------
Start Renaming Generated Nets
---------------------------------------------------------------------------------
---------------------------------------------------------------------------------
Finished Renaming Generated Nets : Time (s): cpu = 00:00:25 ; elapsed = 00:01:11 . Memory (MB): peak = 652.602 ; gain = 445.637
---------------------------------------------------------------------------------
---------------------------------------------------------------------------------
Start Writing Synthesis Report
---------------------------------------------------------------------------------

Report BlackBoxes: 
+------+--------------+----------+
|      |BlackBox name |Instances |
+------+--------------+----------+
|1     |vio_0         |         1|
+------+--------------+----------+

Report Cell Usage: 
+------+-------+------+
|      |Cell   |Count |
+------+-------+------+
|1     |vio_0  |     1|
|2     |BUFG   |     1|
|3     |CARRY4 |   160|
|4     |LUT1   |     5|
|5     |LUT2   |   500|
|6     |LUT3   |   132|
|7     |LUT4   |    63|
|8     |LUT5   |    79|
|9     |LUT6   |   354|
|10    |MUXF7  |    10|
|11    |MUXF8  |     2|
|12    |FDRE   |   133|
|13    |IBUF   |     1|
+------+-------+------+

Report Instance Areas: 
+------+---------+-------+------+
|      |Instance |Module |Cells |
+------+---------+-------+------+
|1     |top      |       |  1760|
|2     |  o1     |vm_obc |  1438|
+------+---------+-------+------+
---------------------------------------------------------------------------------
Finished Writing Synthesis Report : Time (s): cpu = 00:00:25 ; elapsed = 00:01:11 . Memory (MB): peak = 652.602 ; gain = 445.637
---------------------------------------------------------------------------------
Synthesis finished with 0 errors, 0 critical warnings and 2 warnings.
Synthesis Optimization Runtime : Time (s): cpu = 00:00:15 ; elapsed = 00:00:19 . Memory (MB): peak = 652.602 ; gain = 115.953
Synthesis Optimization Complete : Time (s): cpu = 00:00:25 ; elapsed = 00:01:11 . Memory (MB): peak = 652.602 ; gain = 445.637
INFO: [Project 1-571] Translating synthesized netlist
INFO: [Netlist 29-17] Analyzing 161 Unisim elements for replacement
INFO: [Netlist 29-28] Unisim Transformation completed in 0 CPU seconds
WARNING: [Netlist 29-101] Netlist 'vio_file' is not ideal for floorplanning, since the cellview 'vm_obc' contains a large number of primitives.  Please consider enabling hierarchy in synthesis if you want to do floorplanning.
INFO: [Project 1-570] Preparing netlist for logic optimization
INFO: [Opt 31-138] Pushed 0 inverter(s) to 0 load pin(s).
INFO: [Project 1-111] Unisim Transformation Summary:
No Unisim elements were transformed.

INFO: [Common 17-83] Releasing license: Synthesis
28 Infos, 4 Warnings, 0 Critical Warnings and 0 Errors encountered.
synth_design completed successfully
synth_design: Time (s): cpu = 00:00:24 ; elapsed = 00:01:06 . Memory (MB): peak = 652.602 ; gain = 421.547
report_utilization: Time (s): cpu = 00:00:00 ; elapsed = 00:00:00.030 . Memory (MB): peak = 652.602 ; gain = 0.000
INFO: [Common 17-206] Exiting Vivado at Sat Feb 08 13:39:28 2020...
